<?xml version="1.0" encoding="UTF-8"?>
<!-- Generated by org.testng.reporters.JUnitXMLReporter -->
<testsuite hostname="MANISH-PC" ignored="0" name="Test" tests="2" failures="0" timestamp="31 May 2020 20:27:19 GMT" time="1.163" errors="0">
  <testcase name="@BeforeMethod login" time="1.01" classname="generics.BaseTest">
    <failure type="java.lang.NullPointerException">
      <![CDATA[java.lang.NullPointerException
at org.openqa.selenium.support.pagefactory.DefaultElementLocator.findElement(DefaultElementLocator.java:69)
at org.openqa.selenium.support.pagefactory.internal.LocatingElementHandler.invoke(LocatingElementHandler.java:38)
at com.sun.proxy.$Proxy9.sendKeys(Unknown Source)
at pom.POMAptitime.loginAptitime(POMAptitime.java:62)
at generics.BaseTest.login(BaseTest.java:37)
... Removed 28 stack frames]]>
    </failure>
  </testcase> <!-- @BeforeMethod login -->
  <testcase name="@BeforeMethod login" time="0.0" classname="generics.BaseTest">
    <skipped/>
  </testcase> <!-- @BeforeMethod login -->
  <testcase name="createWorkAptitime" time="0.0" classname="test.TestActitime">
    <skipped/>
  </testcase> <!-- createWorkAptitime -->
  <testcase name="editCustomer" time="0.0" classname="test.TestActitime">
    <skipped/>
  </testcase> <!-- editCustomer -->
</testsuite> <!-- Test -->
